<?xml version="1.0" encoding="UTF-8"?>
<testng-results skipped="0" failed="0" ignored="0" total="1" passed="1">
  <reporter-output>
  </reporter-output>
  <suite name="Default suite" duration-ms="17072" started-at="2018-06-25T17:05:29Z" finished-at="2018-06-25T17:05:46Z">
    <groups>
    </groups>
    <test name="Default test" duration-ms="17072" started-at="2018-06-25T17:05:29Z" finished-at="2018-06-25T17:05:46Z">
      <class name="com.cybertek.Porsche">
        <test-method status="PASS" signature="setUp()[pri:0, instance:com.cybertek.Porsche@7cd62f43]" name="setUp" is-config="true" duration-ms="8490" started-at="2018-06-25T17:05:29Z" finished-at="2018-06-25T17:05:37Z">
          <reporter-output>
          </reporter-output>
        </test-method> <!-- setUp -->
        <test-method status="PASS" signature="SetUp()[pri:0, instance:com.cybertek.Porsche@7cd62f43]" name="SetUp" duration-ms="8547" started-at="2018-06-25T17:05:37Z" finished-at="2018-06-25T17:05:46Z">
          <reporter-output>
          </reporter-output>
        </test-method> <!-- SetUp -->
      </class> <!-- com.cybertek.Porsche -->
    </test> <!-- Default test -->
  </suite> <!-- Default suite -->
</testng-results>
